<?xml version="1.0" encoding="UTF-8"?>
<!-- Generated by org.testng.reporters.JUnitReportReporter -->
<testsuite hostname="TJ-LP-221" failures="0" tests="1" name="com.assignment.testcases.GetPropertyList" time="3.281" errors="0" timestamp="2020-09-10T00:43:57 IST" skipped="0">
  <testcase classname="com.assignment.testcases.GetPropertyList" name="startBrowser" time="3.281"/>
  <system-out/>
</testsuite> <!-- com.assignment.testcases.GetPropertyList -->
